<?xml version="1.0" encoding="UTF-8"?>
<!-- Generated by org.testng.reporters.JUnitXMLReporter -->
<testsuite hostname="DESKTOP-3SUJPVT" ignored="0" name="Batching Testing" tests="3" failures="0" timestamp="22 Feb 2019 15:43:51 GMT" time="116.521" errors="0">
  <testcase name="LogoTest" time="39.268" classname="com.handling.BatchTesting.TC01_Verify_LogoTest"/>
  <testcase name="titleTest" time="34.139" classname="com.handling.BatchTesting.TC02_Verify_TitleTest"/>
  <testcase name="loginTest" time="43.052" classname="com.handling.BatchTesting.TC03_Verify_LoginTest"/>
</testsuite> <!-- Batching Testing -->
